2019-12-22 14:43:06.033 [main] ERROR com.github.dqqzj.log.transfer.Transformer -
                instrumentClass invoked class error. 
com.alibaba.fastjson.JSONException: write javaBean error, fastjson version 1.2.60, class javassist.CtClassType, write javaBean error, fastjson version 1.2.60, class javassist.CtClassType, fieldName : returnType, write javaBean error, fastjson version 1.2.60, class javassist.CtArray, fieldName : 0
	at com.alibaba.fastjson.serializer.JavaBeanSerializer.write(JavaBeanSerializer.java:525)
	at com.alibaba.fastjson.serializer.JavaBeanSerializer.write(JavaBeanSerializer.java:160)
	at com.alibaba.fastjson.serializer.JSONSerializer.write(JSONSerializer.java:285)
	at com.alibaba.fastjson.JSON.toJSONString(JSON.java:745)
	at com.alibaba.fastjson.JSON.toJSONString(JSON.java:683)
	at com.alibaba.fastjson.JSON.toJSONString(JSON.java:648)
	at com.github.dqqzj.log.transfer.Transformer.instrumentMethod(Transformer.java:76)
	at com.github.dqqzj.log.transfer.Transformer.instrumentClass(Transformer.java:56)
	at com.github.dqqzj.log.transfer.Transformer.transform(Transformer.java:37)
	at sun.instrument.TransformerManager.transform(TransformerManager.java:188)
	at sun.instrument.InstrumentationImpl.transform(InstrumentationImpl.java:428)
	at java.lang.ClassLoader.defineClass1(Native Method)
	at java.lang.ClassLoader.defineClass(ClassLoader.java:763)
	at java.security.SecureClassLoader.defineClass(SecureClassLoader.java:142)
	at java.net.URLClassLoader.defineClass(URLClassLoader.java:468)
	at java.net.URLClassLoader.access$100(URLClassLoader.java:74)
	at java.net.URLClassLoader$1.run(URLClassLoader.java:369)
	at java.net.URLClassLoader$1.run(URLClassLoader.java:363)
	at java.security.AccessController.doPrivileged(Native Method)
	at java.net.URLClassLoader.findClass(URLClassLoader.java:362)
	at java.lang.ClassLoader.loadClass(ClassLoader.java:424)
	at sun.misc.Launcher$AppClassLoader.loadClass(Launcher.java:349)
	at java.lang.ClassLoader.loadClass(ClassLoader.java:357)
	at java.lang.Class.forName0(Native Method)
	at java.lang.Class.forName(Class.java:348)
	at org.springframework.util.ClassUtils.forName(ClassUtils.java:277)
	at org.springframework.beans.factory.support.AbstractBeanDefinition.resolveBeanClass(AbstractBeanDefinition.java:456)
	at org.springframework.beans.factory.support.AbstractBeanFactory.doResolveBeanClass(AbstractBeanFactory.java:1542)
	at org.springframework.beans.factory.support.AbstractBeanFactory.resolveBeanClass(AbstractBeanFactory.java:1469)
	at org.springframework.beans.factory.support.AbstractAutowireCapableBeanFactory.determineTargetType(AbstractAutowireCapableBeanFactory.java:682)
	at org.springframework.beans.factory.support.AbstractAutowireCapableBeanFactory.predictBeanType(AbstractAutowireCapableBeanFactory.java:649)
	at org.springframework.beans.factory.support.AbstractBeanFactory.isFactoryBean(AbstractBeanFactory.java:1605)
	at org.springframework.beans.factory.support.DefaultListableBeanFactory.doGetBeanNamesForType(DefaultListableBeanFactory.java:520)
	at org.springframework.beans.factory.support.DefaultListableBeanFactory.getBeanNamesForType(DefaultListableBeanFactory.java:491)
	at org.springframework.boot.autoconfigure.web.servlet.DispatcherServletAutoConfiguration$DispatcherServletRegistrationCondition.checkDefaultDispatcherName(DispatcherServletAutoConfiguration.java:173)
	at org.springframework.boot.autoconfigure.web.servlet.DispatcherServletAutoConfiguration$DispatcherServletRegistrationCondition.getMatchOutcome(DispatcherServletAutoConfiguration.java:164)
	at org.springframework.boot.autoconfigure.condition.SpringBootCondition.matches(SpringBootCondition.java:47)
	at org.springframework.context.annotation.ConditionEvaluator.shouldSkip(ConditionEvaluator.java:108)
	at org.springframework.context.annotation.ConfigurationClassParser.processConfigurationClass(ConfigurationClassParser.java:221)
	at org.springframework.context.annotation.ConfigurationClassParser.processMemberClasses(ConfigurationClassParser.java:364)
	at org.springframework.context.annotation.ConfigurationClassParser.doProcessConfigurationClass(ConfigurationClassParser.java:266)
	at org.springframework.context.annotation.ConfigurationClassParser.processConfigurationClass(ConfigurationClassParser.java:245)
	at org.springframework.context.annotation.ConfigurationClassParser.processImports(ConfigurationClassParser.java:587)
	at org.springframework.context.annotation.ConfigurationClassParser.access$900(ConfigurationClassParser.java:109)
	at org.springframework.context.annotation.ConfigurationClassParser$DeferredImportSelectorGroupingHandler.lambda$processGroupImports$1(ConfigurationClassParser.java:805)
	at java.util.ArrayList.forEach(ArrayList.java:1257)
	at org.springframework.context.annotation.ConfigurationClassParser$DeferredImportSelectorGroupingHandler.processGroupImports(ConfigurationClassParser.java:801)
	at org.springframework.context.annotation.ConfigurationClassParser$DeferredImportSelectorHandler.process(ConfigurationClassParser.java:771)
	at org.springframework.context.annotation.ConfigurationClassParser.parse(ConfigurationClassParser.java:188)
	at org.springframework.context.annotation.ConfigurationClassPostProcessor.processConfigBeanDefinitions(ConfigurationClassPostProcessor.java:325)
	at org.springframework.context.annotation.ConfigurationClassPostProcessor.postProcessBeanDefinitionRegistry(ConfigurationClassPostProcessor.java:242)
	at org.springframework.context.support.PostProcessorRegistrationDelegate.invokeBeanDefinitionRegistryPostProcessors(PostProcessorRegistrationDelegate.java:275)
	at org.springframework.context.support.PostProcessorRegistrationDelegate.invokeBeanFactoryPostProcessors(PostProcessorRegistrationDelegate.java:95)
	at org.springframework.context.support.AbstractApplicationContext.invokeBeanFactoryPostProcessors(AbstractApplicationContext.java:706)
	at org.springframework.context.support.AbstractApplicationContext.refresh(AbstractApplicationContext.java:532)
	at org.springframework.boot.web.servlet.context.ServletWebServerApplicationContext.refresh(ServletWebServerApplicationContext.java:141)
	at org.springframework.boot.SpringApplication.refresh(SpringApplication.java:747)
	at org.springframework.boot.SpringApplication.refreshContext(SpringApplication.java:397)
	at org.springframework.boot.SpringApplication.run(SpringApplication.java:315)
	at org.springframework.boot.SpringApplication.run(SpringApplication.java:1226)
	at org.springframework.boot.SpringApplication.run(SpringApplication.java:1215)
	at com.github.dqqzj.log.LogApplication.main(LogApplication.java:10)
Caused by: com.alibaba.fastjson.JSONException: write javaBean error, fastjson version 1.2.60, class javassist.CtClassType, fieldName : returnType, write javaBean error, fastjson version 1.2.60, class javassist.CtArray, fieldName : 0
	at com.alibaba.fastjson.serializer.JavaBeanSerializer.write(JavaBeanSerializer.java:525)
	at com.alibaba.fastjson.serializer.JavaBeanSerializer.write(JavaBeanSerializer.java:160)
	at com.alibaba.fastjson.serializer.JSONSerializer.writeWithFieldName(JSONSerializer.java:333)
	at com.alibaba.fastjson.serializer.ASMSerializer_9_CtMethod.write(Unknown Source)
	at com.alibaba.fastjson.serializer.ArraySerializer.write(ArraySerializer.java:67)
	at com.alibaba.fastjson.serializer.FieldSerializer.writeValue(FieldSerializer.java:325)
	at com.alibaba.fastjson.serializer.JavaBeanSerializer.write(JavaBeanSerializer.java:456)
	... 61 common frames omitted
Caused by: com.alibaba.fastjson.JSONException: write javaBean error, fastjson version 1.2.60, class javassist.CtArray, fieldName : 0
	at com.alibaba.fastjson.serializer.JavaBeanSerializer.write(JavaBeanSerializer.java:525)
	at com.alibaba.fastjson.serializer.JavaBeanSerializer.write(JavaBeanSerializer.java:160)
	at com.alibaba.fastjson.serializer.ArraySerializer.write(ArraySerializer.java:67)
	at com.alibaba.fastjson.serializer.ASMSerializer_6_CtConstructor.write(Unknown Source)
	at com.alibaba.fastjson.serializer.ArraySerializer.write(ArraySerializer.java:64)
	at com.alibaba.fastjson.serializer.FieldSerializer.writeValue(FieldSerializer.java:325)
	at com.alibaba.fastjson.serializer.JavaBeanSerializer.write(JavaBeanSerializer.java:456)
	... 67 common frames omitted
Caused by: java.lang.RuntimeException: char[] class is frozen
	at javassist.CtClass.checkModify(CtClass.java:297)
	at javassist.CtClass.getClassFile(CtClass.java:232)
	at sun.reflect.NativeMethodAccessorImpl.invoke0(Native Method)
	at sun.reflect.NativeMethodAccessorImpl.invoke(NativeMethodAccessorImpl.java:62)
	at sun.reflect.DelegatingMethodAccessorImpl.invoke(DelegatingMethodAccessorImpl.java:43)
	at java.lang.reflect.Method.invoke(Method.java:498)
	at com.alibaba.fastjson.util.FieldInfo.get(FieldInfo.java:491)
	at com.alibaba.fastjson.serializer.FieldSerializer.getPropertyValueDirect(FieldSerializer.java:150)
	at com.alibaba.fastjson.serializer.JavaBeanSerializer.write(JavaBeanSerializer.java:293)
	... 73 common frames omitted
