2019-12-22 00:03:30.872 [SpringContextShutdownHook] INFO  org.springframework.scheduling.concurrent.ThreadPoolTaskExecutor -
                Shutting down ExecutorService 'applicationTaskExecutor'
2019-12-22 00:03:54.354 [main] INFO  com.github.dqqzj.log.LogApplication -
                Starting LogApplication on MacBook-Pro.local with PID 16970 (/Users/qinzhongjian/IdeaProjects/tutorial/log/target/classes started by qinzhongjian in /Users/qinzhongjian/IdeaProjects/tutorial)
2019-12-22 00:03:54.356 [main] INFO  com.github.dqqzj.log.LogApplication -
                No active profile set, falling back to default profiles: default
2019-12-22 00:03:55.173 [main] INFO  org.springframework.boot.web.embedded.tomcat.TomcatWebServer -
                Tomcat initialized with port(s): 8080 (http)
2019-12-22 00:03:55.182 [main] INFO  org.apache.catalina.core.StandardService -
                Starting service [Tomcat]
2019-12-22 00:03:55.182 [main] INFO  org.apache.catalina.core.StandardEngine -
                Starting Servlet engine: [Apache Tomcat/9.0.27]
2019-12-22 00:03:55.250 [main] INFO  org.apache.catalina.core.ContainerBase.[Tomcat].[localhost].[/] -
                Initializing Spring embedded WebApplicationContext
2019-12-22 00:03:55.251 [main] INFO  org.springframework.web.context.ContextLoader -
                Root WebApplicationContext: initialization completed in 845 ms
2019-12-22 00:03:55.447 [main] INFO  org.springframework.scheduling.concurrent.ThreadPoolTaskExecutor -
                Initializing ExecutorService 'applicationTaskExecutor'
2019-12-22 00:03:55.766 [main] INFO  org.springframework.boot.web.embedded.tomcat.TomcatWebServer -
                Tomcat started on port(s): 8080 (http) with context path ''
2019-12-22 00:03:55.770 [main] INFO  com.github.dqqzj.log.LogApplication -
                Started LogApplication in 2.066 seconds (JVM running for 2.877)
2019-12-22 00:19:52.490 [SpringContextShutdownHook] INFO  org.springframework.scheduling.concurrent.ThreadPoolTaskExecutor -
                Shutting down ExecutorService 'applicationTaskExecutor'
2019-12-22 00:20:12.473 [main] INFO  com.github.dqqzj.log.LogApplication -
                Starting LogApplication on MacBook-Pro.local with PID 17041 (/Users/qinzhongjian/IdeaProjects/tutorial/log/target/classes started by qinzhongjian in /Users/qinzhongjian/IdeaProjects/tutorial)
2019-12-22 00:20:12.475 [main] INFO  com.github.dqqzj.log.LogApplication -
                No active profile set, falling back to default profiles: default
2019-12-22 00:20:13.338 [main] INFO  org.springframework.boot.web.embedded.tomcat.TomcatWebServer -
                Tomcat initialized with port(s): 8080 (http)
2019-12-22 00:20:13.347 [main] INFO  org.apache.catalina.core.StandardService -
                Starting service [Tomcat]
2019-12-22 00:20:13.348 [main] INFO  org.apache.catalina.core.StandardEngine -
                Starting Servlet engine: [Apache Tomcat/9.0.27]
2019-12-22 00:20:13.412 [main] INFO  org.apache.catalina.core.ContainerBase.[Tomcat].[localhost].[/] -
                Initializing Spring embedded WebApplicationContext
2019-12-22 00:20:13.413 [main] INFO  org.springframework.web.context.ContextLoader -
                Root WebApplicationContext: initialization completed in 805 ms
2019-12-22 00:20:13.673 [main] INFO  org.springframework.scheduling.concurrent.ThreadPoolTaskExecutor -
                Initializing ExecutorService 'applicationTaskExecutor'
2019-12-22 00:20:13.911 [main] INFO  org.springframework.boot.web.embedded.tomcat.TomcatWebServer -
                Tomcat started on port(s): 8080 (http) with context path ''
2019-12-22 00:20:13.916 [main] INFO  com.github.dqqzj.log.LogApplication -
                Started LogApplication in 2.086 seconds (JVM running for 2.856)
2019-12-22 00:27:15.725 [SpringContextShutdownHook] INFO  org.springframework.scheduling.concurrent.ThreadPoolTaskExecutor -
                Shutting down ExecutorService 'applicationTaskExecutor'
2019-12-22 00:27:33.356 [main] INFO  com.github.dqqzj.log.LogApplication -
                Starting LogApplication on MacBook-Pro.local with PID 17078 (/Users/qinzhongjian/IdeaProjects/tutorial/log/target/classes started by qinzhongjian in /Users/qinzhongjian/IdeaProjects/tutorial)
2019-12-22 00:27:33.358 [main] INFO  com.github.dqqzj.log.LogApplication -
                No active profile set, falling back to default profiles: default
2019-12-22 00:27:34.201 [main] INFO  org.springframework.boot.web.embedded.tomcat.TomcatWebServer -
                Tomcat initialized with port(s): 8080 (http)
2019-12-22 00:27:34.209 [main] INFO  org.apache.catalina.core.StandardService -
                Starting service [Tomcat]
2019-12-22 00:27:34.210 [main] INFO  org.apache.catalina.core.StandardEngine -
                Starting Servlet engine: [Apache Tomcat/9.0.27]
2019-12-22 00:27:34.299 [main] INFO  org.apache.catalina.core.ContainerBase.[Tomcat].[localhost].[/] -
                Initializing Spring embedded WebApplicationContext
2019-12-22 00:27:34.300 [main] INFO  org.springframework.web.context.ContextLoader -
                Root WebApplicationContext: initialization completed in 894 ms
2019-12-22 00:27:34.495 [main] INFO  org.springframework.scheduling.concurrent.ThreadPoolTaskExecutor -
                Initializing ExecutorService 'applicationTaskExecutor'
2019-12-22 00:27:34.829 [main] INFO  org.springframework.boot.web.embedded.tomcat.TomcatWebServer -
                Tomcat started on port(s): 8080 (http) with context path ''
2019-12-22 00:27:34.835 [main] INFO  com.github.dqqzj.log.LogApplication -
                Started LogApplication in 2.108 seconds (JVM running for 2.823)
2019-12-22 00:29:06.885 [SpringContextShutdownHook] INFO  org.springframework.scheduling.concurrent.ThreadPoolTaskExecutor -
                Shutting down ExecutorService 'applicationTaskExecutor'
2019-12-22 00:30:08.085 [main] INFO  com.github.dqqzj.log.LogApplication -
                Starting LogApplication on MacBook-Pro.local with PID 17083 (/Users/qinzhongjian/IdeaProjects/tutorial/log/target/classes started by qinzhongjian in /Users/qinzhongjian/IdeaProjects/tutorial)
2019-12-22 00:30:08.087 [main] INFO  com.github.dqqzj.log.LogApplication -
                No active profile set, falling back to default profiles: default
2019-12-22 00:30:09.081 [main] INFO  org.springframework.boot.web.embedded.tomcat.TomcatWebServer -
                Tomcat initialized with port(s): 8080 (http)
2019-12-22 00:30:09.091 [main] INFO  org.apache.catalina.core.StandardService -
                Starting service [Tomcat]
2019-12-22 00:30:09.092 [main] INFO  org.apache.catalina.core.StandardEngine -
                Starting Servlet engine: [Apache Tomcat/9.0.27]
2019-12-22 00:30:09.156 [main] INFO  org.apache.catalina.core.ContainerBase.[Tomcat].[localhost].[/] -
                Initializing Spring embedded WebApplicationContext
2019-12-22 00:30:09.157 [main] INFO  org.springframework.web.context.ContextLoader -
                Root WebApplicationContext: initialization completed in 1015 ms
2019-12-22 00:30:09.418 [main] INFO  org.springframework.scheduling.concurrent.ThreadPoolTaskExecutor -
                Initializing ExecutorService 'applicationTaskExecutor'
2019-12-22 00:30:09.724 [main] INFO  org.springframework.boot.web.embedded.tomcat.TomcatWebServer -
                Tomcat started on port(s): 8080 (http) with context path ''
2019-12-22 00:30:09.729 [main] INFO  com.github.dqqzj.log.LogApplication -
                Started LogApplication in 2.246 seconds (JVM running for 60.297)
2019-12-22 00:33:09.157 [SpringContextShutdownHook] INFO  org.springframework.scheduling.concurrent.ThreadPoolTaskExecutor -
                Shutting down ExecutorService 'applicationTaskExecutor'
2019-12-22 11:47:06.361 [main] INFO  com.github.dqqzj.log.LogApplication -
                Starting LogApplication on MacBook-Pro.local with PID 17544 (/Users/qinzhongjian/IdeaProjects/tutorial/log/target/classes started by qinzhongjian in /Users/qinzhongjian/IdeaProjects/tutorial)
2019-12-22 11:47:06.363 [main] INFO  com.github.dqqzj.log.LogApplication -
                No active profile set, falling back to default profiles: default
2019-12-22 11:47:07.531 [main] INFO  org.springframework.boot.web.embedded.tomcat.TomcatWebServer -
                Tomcat initialized with port(s): 8080 (http)
2019-12-22 11:47:07.543 [main] INFO  org.apache.catalina.core.StandardService -
                Starting service [Tomcat]
2019-12-22 11:47:07.543 [main] INFO  org.apache.catalina.core.StandardEngine -
                Starting Servlet engine: [Apache Tomcat/9.0.27]
2019-12-22 11:47:07.622 [main] INFO  org.apache.catalina.core.ContainerBase.[Tomcat].[localhost].[/] -
                Initializing Spring embedded WebApplicationContext
2019-12-22 11:47:07.622 [main] INFO  org.springframework.web.context.ContextLoader -
                Root WebApplicationContext: initialization completed in 1208 ms
2019-12-22 11:47:07.822 [main] INFO  org.springframework.scheduling.concurrent.ThreadPoolTaskExecutor -
                Initializing ExecutorService 'applicationTaskExecutor'
2019-12-22 11:47:08.071 [main] INFO  org.springframework.boot.web.embedded.tomcat.TomcatWebServer -
                Tomcat started on port(s): 8080 (http) with context path ''
2019-12-22 11:47:08.075 [main] INFO  com.github.dqqzj.log.LogApplication -
                Started LogApplication in 2.342 seconds (JVM running for 54.433)
2019-12-22 12:00:27.071 [SpringContextShutdownHook] INFO  org.springframework.scheduling.concurrent.ThreadPoolTaskExecutor -
                Shutting down ExecutorService 'applicationTaskExecutor'
2019-12-22 12:00:45.665 [main] INFO  com.github.dqqzj.log.LogApplication -
                Starting LogApplication on MacBook-Pro.local with PID 17571 (/Users/qinzhongjian/IdeaProjects/tutorial/log/target/classes started by qinzhongjian in /Users/qinzhongjian/IdeaProjects/tutorial)
2019-12-22 12:00:45.667 [main] INFO  com.github.dqqzj.log.LogApplication -
                No active profile set, falling back to default profiles: default
2019-12-22 12:00:46.578 [main] INFO  org.springframework.boot.web.embedded.tomcat.TomcatWebServer -
                Tomcat initialized with port(s): 8080 (http)
2019-12-22 12:00:46.589 [main] INFO  org.apache.catalina.core.StandardService -
                Starting service [Tomcat]
2019-12-22 12:00:46.589 [main] INFO  org.apache.catalina.core.StandardEngine -
                Starting Servlet engine: [Apache Tomcat/9.0.27]
2019-12-22 12:00:46.654 [main] INFO  org.apache.catalina.core.ContainerBase.[Tomcat].[localhost].[/] -
                Initializing Spring embedded WebApplicationContext
2019-12-22 12:00:46.654 [main] INFO  org.springframework.web.context.ContextLoader -
                Root WebApplicationContext: initialization completed in 932 ms
2019-12-22 12:00:46.875 [main] INFO  org.springframework.scheduling.concurrent.ThreadPoolTaskExecutor -
                Initializing ExecutorService 'applicationTaskExecutor'
2019-12-22 12:00:47.078 [main] INFO  org.springframework.boot.web.embedded.tomcat.TomcatWebServer -
                Tomcat started on port(s): 8080 (http) with context path ''
2019-12-22 12:00:47.084 [main] INFO  com.github.dqqzj.log.LogApplication -
                Started LogApplication in 2.382 seconds (JVM running for 3.648)
2019-12-22 12:03:43.719 [SpringContextShutdownHook] INFO  org.springframework.scheduling.concurrent.ThreadPoolTaskExecutor -
                Shutting down ExecutorService 'applicationTaskExecutor'
