2019-12-21 22:09:07.346 [main] INFO  com.github.dqqzj.log.LogApplication -
                Starting LogApplication on MacBook-Pro.local with PID 16635 (/Users/qinzhongjian/IdeaProjects/tutorial/log/target/classes started by qinzhongjian in /Users/qinzhongjian/IdeaProjects/tutorial)
2019-12-21 22:09:07.356 [main] INFO  com.github.dqqzj.log.LogApplication -
                No active profile set, falling back to default profiles: default
2019-12-21 22:09:08.409 [main] INFO  org.springframework.boot.web.embedded.tomcat.TomcatWebServer -
                Tomcat initialized with port(s): 8080 (http)
2019-12-21 22:09:08.422 [main] INFO  org.apache.catalina.core.StandardService -
                Starting service [Tomcat]
2019-12-21 22:09:08.422 [main] INFO  org.apache.catalina.core.StandardEngine -
                Starting Servlet engine: [Apache Tomcat/9.0.27]
2019-12-21 22:09:08.494 [main] INFO  org.apache.catalina.core.ContainerBase.[Tomcat].[localhost].[/] -
                Initializing Spring embedded WebApplicationContext
2019-12-21 22:09:08.494 [main] INFO  org.springframework.web.context.ContextLoader -
                Root WebApplicationContext: initialization completed in 1071 ms
2019-12-21 22:09:08.750 [main] INFO  org.springframework.scheduling.concurrent.ThreadPoolTaskExecutor -
                Initializing ExecutorService 'applicationTaskExecutor'
2019-12-21 22:09:09.225 [main] INFO  org.springframework.boot.web.embedded.tomcat.TomcatWebServer -
                Tomcat started on port(s): 8080 (http) with context path ''
2019-12-21 22:09:09.230 [main] INFO  com.github.dqqzj.log.LogApplication -
                Started LogApplication in 2.798 seconds (JVM running for 3.853)
2019-12-21 22:10:07.051 [http-nio-8080-exec-1] INFO  org.apache.catalina.core.ContainerBase.[Tomcat].[localhost].[/] -
                Initializing Spring DispatcherServlet 'dispatcherServlet'
2019-12-21 22:10:07.051 [http-nio-8080-exec-1] INFO  org.springframework.web.servlet.DispatcherServlet -
                Initializing Servlet 'dispatcherServlet'
2019-12-21 22:10:07.056 [http-nio-8080-exec-1] INFO  org.springframework.web.servlet.DispatcherServlet -
                Completed initialization in 5 ms
2019-12-21 22:10:07.154 [http-nio-8080-exec-1] INFO  com.github.dqqzj.log.TestController -
                TestMain start........
2019-12-21 22:10:08.747 [http-nio-8080-exec-2] INFO  com.github.dqqzj.log.TestController -
                TestMain start........
2019-12-21 22:11:33.859 [SpringContextShutdownHook] INFO  org.springframework.scheduling.concurrent.ThreadPoolTaskExecutor -
                Shutting down ExecutorService 'applicationTaskExecutor'
2019-12-21 22:18:28.180 [main] INFO  com.github.dqqzj.log.LogApplication -
                Starting LogApplication on MacBook-Pro.local with PID 16684 (/Users/qinzhongjian/IdeaProjects/tutorial/log/target/classes started by qinzhongjian in /Users/qinzhongjian/IdeaProjects/tutorial)
2019-12-21 22:18:28.184 [main] INFO  com.github.dqqzj.log.LogApplication -
                No active profile set, falling back to default profiles: default
2019-12-21 22:18:29.312 [main] INFO  org.springframework.boot.web.embedded.tomcat.TomcatWebServer -
                Tomcat initialized with port(s): 8080 (http)
2019-12-21 22:18:29.330 [main] INFO  org.apache.catalina.core.StandardService -
                Starting service [Tomcat]
2019-12-21 22:18:29.331 [main] INFO  org.apache.catalina.core.StandardEngine -
                Starting Servlet engine: [Apache Tomcat/9.0.27]
2019-12-21 22:18:29.546 [main] INFO  org.apache.catalina.core.ContainerBase.[Tomcat].[localhost].[/] -
                Initializing Spring embedded WebApplicationContext
2019-12-21 22:18:29.547 [main] INFO  org.springframework.web.context.ContextLoader -
                Root WebApplicationContext: initialization completed in 1239 ms
2019-12-21 22:18:29.901 [main] INFO  org.springframework.scheduling.concurrent.ThreadPoolTaskExecutor -
                Initializing ExecutorService 'applicationTaskExecutor'
2019-12-21 22:18:30.242 [main] INFO  org.springframework.boot.web.embedded.tomcat.TomcatWebServer -
                Tomcat started on port(s): 8080 (http) with context path ''
2019-12-21 22:18:30.246 [main] INFO  com.github.dqqzj.log.LogApplication -
                Started LogApplication in 2.86 seconds (JVM running for 3.828)
2019-12-21 22:50:09.975 [SpringContextShutdownHook] INFO  org.springframework.scheduling.concurrent.ThreadPoolTaskExecutor -
                Shutting down ExecutorService 'applicationTaskExecutor'
2019-12-21 22:50:35.844 [main] INFO  com.github.dqqzj.log.LogApplication -
                Starting LogApplication on MacBook-Pro.local with PID 16736 (/Users/qinzhongjian/IdeaProjects/tutorial/log/target/classes started by qinzhongjian in /Users/qinzhongjian/IdeaProjects/tutorial)
2019-12-21 22:50:35.876 [main] INFO  com.github.dqqzj.log.LogApplication -
                No active profile set, falling back to default profiles: default
2019-12-21 22:50:37.451 [main] INFO  org.springframework.boot.web.embedded.tomcat.TomcatWebServer -
                Tomcat initialized with port(s): 8080 (http)
2019-12-21 22:50:37.463 [main] INFO  org.apache.catalina.core.StandardService -
                Starting service [Tomcat]
2019-12-21 22:50:37.464 [main] INFO  org.apache.catalina.core.StandardEngine -
                Starting Servlet engine: [Apache Tomcat/9.0.27]
2019-12-21 22:50:37.550 [main] INFO  org.apache.catalina.core.ContainerBase.[Tomcat].[localhost].[/] -
                Initializing Spring embedded WebApplicationContext
2019-12-21 22:50:37.551 [main] INFO  org.springframework.web.context.ContextLoader -
                Root WebApplicationContext: initialization completed in 1474 ms
2019-12-21 22:50:37.835 [main] INFO  org.springframework.scheduling.concurrent.ThreadPoolTaskExecutor -
                Initializing ExecutorService 'applicationTaskExecutor'
2019-12-21 22:50:38.109 [main] INFO  org.springframework.boot.web.embedded.tomcat.TomcatWebServer -
                Tomcat started on port(s): 8080 (http) with context path ''
2019-12-21 22:50:38.113 [main] INFO  com.github.dqqzj.log.LogApplication -
                Started LogApplication in 3.265 seconds (JVM running for 4.469)
2019-12-21 22:57:12.880 [SpringContextShutdownHook] INFO  org.springframework.scheduling.concurrent.ThreadPoolTaskExecutor -
                Shutting down ExecutorService 'applicationTaskExecutor'
2019-12-21 22:59:46.656 [main] INFO  com.github.dqqzj.log.LogApplication -
                Starting LogApplication on MacBook-Pro.local with PID 16755 (/Users/qinzhongjian/IdeaProjects/tutorial/log/target/classes started by qinzhongjian in /Users/qinzhongjian/IdeaProjects/tutorial)
2019-12-21 22:59:46.663 [main] INFO  com.github.dqqzj.log.LogApplication -
                No active profile set, falling back to default profiles: default
2019-12-21 22:59:47.548 [main] INFO  org.springframework.boot.web.embedded.tomcat.TomcatWebServer -
                Tomcat initialized with port(s): 8080 (http)
2019-12-21 22:59:47.558 [main] INFO  org.apache.catalina.core.StandardService -
                Starting service [Tomcat]
2019-12-21 22:59:47.559 [main] INFO  org.apache.catalina.core.StandardEngine -
                Starting Servlet engine: [Apache Tomcat/9.0.27]
2019-12-21 22:59:47.619 [main] INFO  org.apache.catalina.core.ContainerBase.[Tomcat].[localhost].[/] -
                Initializing Spring embedded WebApplicationContext
2019-12-21 22:59:47.619 [main] INFO  org.springframework.web.context.ContextLoader -
                Root WebApplicationContext: initialization completed in 907 ms
2019-12-21 22:59:47.791 [main] INFO  org.springframework.scheduling.concurrent.ThreadPoolTaskExecutor -
                Initializing ExecutorService 'applicationTaskExecutor'
2019-12-21 22:59:48.050 [main] INFO  org.springframework.boot.web.embedded.tomcat.TomcatWebServer -
                Tomcat started on port(s): 8080 (http) with context path ''
2019-12-21 22:59:48.054 [main] INFO  com.github.dqqzj.log.LogApplication -
                Started LogApplication in 2.126 seconds (JVM running for 3.021)
2019-12-21 23:01:15.523 [SpringContextShutdownHook] INFO  org.springframework.scheduling.concurrent.ThreadPoolTaskExecutor -
                Shutting down ExecutorService 'applicationTaskExecutor'
2019-12-21 23:02:24.859 [main] INFO  com.github.dqqzj.log.LogApplication -
                Starting LogApplication on MacBook-Pro.local with PID 16800 (/Users/qinzhongjian/IdeaProjects/tutorial/log/target/classes started by qinzhongjian in /Users/qinzhongjian/IdeaProjects/tutorial)
2019-12-21 23:02:24.862 [main] INFO  com.github.dqqzj.log.LogApplication -
                No active profile set, falling back to default profiles: default
2019-12-21 23:02:26.063 [main] INFO  org.springframework.boot.web.embedded.tomcat.TomcatWebServer -
                Tomcat initialized with port(s): 8080 (http)
2019-12-21 23:02:26.072 [main] INFO  org.apache.catalina.core.StandardService -
                Starting service [Tomcat]
2019-12-21 23:02:26.073 [main] INFO  org.apache.catalina.core.StandardEngine -
                Starting Servlet engine: [Apache Tomcat/9.0.27]
2019-12-21 23:02:26.143 [main] INFO  org.apache.catalina.core.ContainerBase.[Tomcat].[localhost].[/] -
                Initializing Spring embedded WebApplicationContext
2019-12-21 23:02:26.143 [main] INFO  org.springframework.web.context.ContextLoader -
                Root WebApplicationContext: initialization completed in 1210 ms
2019-12-21 23:02:26.300 [main] INFO  org.springframework.scheduling.concurrent.ThreadPoolTaskExecutor -
                Initializing ExecutorService 'applicationTaskExecutor'
2019-12-21 23:02:26.468 [main] INFO  org.springframework.boot.web.embedded.tomcat.TomcatWebServer -
                Tomcat started on port(s): 8080 (http) with context path ''
2019-12-21 23:02:26.472 [main] INFO  com.github.dqqzj.log.LogApplication -
                Started LogApplication in 2.807 seconds (JVM running for 3.844)
2019-12-21 23:03:16.747 [SpringContextShutdownHook] INFO  org.springframework.scheduling.concurrent.ThreadPoolTaskExecutor -
                Shutting down ExecutorService 'applicationTaskExecutor'
2019-12-21 23:03:54.542 [main] INFO  com.github.dqqzj.log.LogApplication -
                Starting LogApplication on MacBook-Pro.local with PID 16814 (/Users/qinzhongjian/IdeaProjects/tutorial/log/target/classes started by qinzhongjian in /Users/qinzhongjian/IdeaProjects/tutorial)
2019-12-21 23:03:54.545 [main] INFO  com.github.dqqzj.log.LogApplication -
                No active profile set, falling back to default profiles: default
2019-12-21 23:03:55.640 [main] INFO  org.springframework.boot.web.embedded.tomcat.TomcatWebServer -
                Tomcat initialized with port(s): 8080 (http)
2019-12-21 23:03:55.652 [main] INFO  org.apache.catalina.core.StandardService -
                Starting service [Tomcat]
2019-12-21 23:03:55.652 [main] INFO  org.apache.catalina.core.StandardEngine -
                Starting Servlet engine: [Apache Tomcat/9.0.27]
2019-12-21 23:03:55.749 [main] INFO  org.apache.catalina.core.ContainerBase.[Tomcat].[localhost].[/] -
                Initializing Spring embedded WebApplicationContext
2019-12-21 23:03:55.751 [main] INFO  org.springframework.web.context.ContextLoader -
                Root WebApplicationContext: initialization completed in 1041 ms
2019-12-21 23:03:56.038 [main] INFO  org.springframework.scheduling.concurrent.ThreadPoolTaskExecutor -
                Initializing ExecutorService 'applicationTaskExecutor'
2019-12-21 23:03:56.233 [main] INFO  org.springframework.boot.web.embedded.tomcat.TomcatWebServer -
                Tomcat started on port(s): 8080 (http) with context path ''
2019-12-21 23:03:56.237 [main] INFO  com.github.dqqzj.log.LogApplication -
                Started LogApplication in 2.634 seconds (JVM running for 3.766)
2019-12-21 23:46:56.290 [SpringContextShutdownHook] INFO  org.springframework.scheduling.concurrent.ThreadPoolTaskExecutor -
                Shutting down ExecutorService 'applicationTaskExecutor'
2019-12-21 23:47:20.946 [main] INFO  com.github.dqqzj.log.LogApplication -
                Starting LogApplication on MacBook-Pro.local with PID 16885 (/Users/qinzhongjian/IdeaProjects/tutorial/log/target/classes started by qinzhongjian in /Users/qinzhongjian/IdeaProjects/tutorial)
2019-12-21 23:47:20.954 [main] INFO  com.github.dqqzj.log.LogApplication -
                No active profile set, falling back to default profiles: default
2019-12-21 23:47:21.849 [main] INFO  org.springframework.boot.web.embedded.tomcat.TomcatWebServer -
                Tomcat initialized with port(s): 8080 (http)
2019-12-21 23:47:21.857 [main] INFO  org.apache.catalina.core.StandardService -
                Starting service [Tomcat]
2019-12-21 23:47:21.858 [main] INFO  org.apache.catalina.core.StandardEngine -
                Starting Servlet engine: [Apache Tomcat/9.0.27]
2019-12-21 23:47:21.915 [main] INFO  org.apache.catalina.core.ContainerBase.[Tomcat].[localhost].[/] -
                Initializing Spring embedded WebApplicationContext
2019-12-21 23:47:21.915 [main] INFO  org.springframework.web.context.ContextLoader -
                Root WebApplicationContext: initialization completed in 905 ms
2019-12-21 23:47:22.077 [main] INFO  org.springframework.scheduling.concurrent.ThreadPoolTaskExecutor -
                Initializing ExecutorService 'applicationTaskExecutor'
2019-12-21 23:47:22.273 [main] INFO  org.springframework.boot.web.embedded.tomcat.TomcatWebServer -
                Tomcat started on port(s): 8080 (http) with context path ''
2019-12-21 23:47:22.277 [main] INFO  com.github.dqqzj.log.LogApplication -
                Started LogApplication in 1.954 seconds (JVM running for 2.69)
2019-12-21 23:48:06.063 [http-nio-8080-exec-1] INFO  org.apache.catalina.core.ContainerBase.[Tomcat].[localhost].[/] -
                Initializing Spring DispatcherServlet 'dispatcherServlet'
2019-12-21 23:48:06.064 [http-nio-8080-exec-1] INFO  org.springframework.web.servlet.DispatcherServlet -
                Initializing Servlet 'dispatcherServlet'
2019-12-21 23:48:06.069 [http-nio-8080-exec-1] INFO  org.springframework.web.servlet.DispatcherServlet -
                Completed initialization in 5 ms
2019-12-21 23:48:06.089 [http-nio-8080-exec-1] INFO  com.github.dqqzj.log.TestController -
                TestMain start........
2019-12-21 23:48:16.690 [http-nio-8080-exec-3] INFO  com.github.dqqzj.log.TestController -
                TestMain start........
